#
# There is insufficient memory for the Java Runtime Environment to continue.
# Native memory allocation (mmap) failed to map 130023424 bytes for G1 virtual space
# Possible reasons:
#   The system is out of physical RAM or swap space
#   The process is running with CompressedOops enabled, and the Java Heap may be blocking the growth of the native heap
# Possible solutions:
#   Reduce memory load on the system
#   Increase physical memory or swap space
#   Check if swap backing store is full
#   Decrease Java heap size (-Xmx/-Xms)
#   Decrease number of Java threads
#   Decrease Java thread stack sizes (-Xss)
#   Set larger code cache with -XX:ReservedCodeCacheSize=
#   JVM is running with Unscaled Compressed Oops mode in which the Java heap is
#     placed in the first 4GB address space. The Java Heap base address is the
#     maximum limit for the native heap growth. Please use -XX:HeapBaseMinAddress
#     to set the Java Heap base and to place the Java Heap above 4GB virtual address.
# This output file may be truncated or incomplete.
#
#  Out of Memory Error (os_windows.cpp:3825), pid=6608, tid=13844
#
# JRE version:  (17.0.9) (build )
# Java VM: OpenJDK 64-Bit Server VM (17.0.9+0--11185874, mixed mode, sharing, tiered, compressed oops, compressed class ptrs, g1 gc, windows-amd64)
# No core dump will be written. Minidumps are not enabled by default on client versions of Windows
#

---------------  S U M M A R Y ------------

Command Line: git4idea.http.GitAskPassApp Username for 'https://github.com': 

Host: 11th Gen Intel(R) Core(TM) i3-1115G4 @ 3.00GHz, 4 cores, 7G,  Windows 11 , 64 bit Build 22621 (10.0.22621.3672)
Time: Sun Jun 16 23:11:43 2024 SE Asia Standard Time elapsed time: 0.041371 seconds (0d 0h 0m 0s)

---------------  T H R E A D  ---------------

Current thread (0x00000224f9fdbae0):  JavaThread "Unknown thread" [_thread_in_vm, id=13844, stack(0x0000007002400000,0x0000007002500000)]

Stack: [0x0000007002400000,0x0000007002500000]
Native frames: (J=compiled Java code, j=interpreted, Vv=VM code, C=native code)
V  [jvm.dll+0x6886e9]
V  [jvm.dll+0x841e4a]
V  [jvm.dll+0x843a8e]
V  [jvm.dll+0x8440f3]
V  [jvm.dll+0x24c14f]
V  [jvm.dll+0x685499]
V  [jvm.dll+0x679c2a]
V  [jvm.dll+0x30cf9b]
V  [jvm.dll+0x314446]
V  [jvm.dll+0x36425e]
V  [jvm.dll+0x36448f]
V  [jvm.dll+0x2e2d68]
V  [jvm.dll+0x2e3cd4]
V  [jvm.dll+0x8129f1]
V  [jvm.dll+0x3720c1]
V  [jvm.dll+0x7f152c]
V  [jvm.dll+0x3f5d4f]
V  [jvm.dll+0x3f7981]
C  [jli.dll+0x528f]
C  [ucrtbase.dll+0x29333]
C  [KERNEL32.DLL+0x1257d]
C  [ntdll.dll+0x5af28]


---------------  P R O C E S S  ---------------

Threads class SMR info:
_java_thread_list=0x00007ffe33fdef18, length=0, elements={
}

Java Threads: ( => current thread )

Other Threads:
  0x00000224fa034540 GCTaskThread "GC Thread#0" [stack: 0x0000007002500000,0x0000007002600000] [id=13964]
  0x00000224fa044b10 ConcurrentGCThread "G1 Main Marker" [stack: 0x0000007002600000,0x0000007002700000] [id=3500]
  0x00000224fa045cd0 ConcurrentGCThread "G1 Conc#0" [stack: 0x0000007002700000,0x0000007002800000] [id=6824]

[error occurred during error reporting (printing all threads), id 0xc0000005, EXCEPTION_ACCESS_VIOLATION (0xc0000005) at pc=0x00007ffe33793937]

VM state: not at safepoint (not fully initialized)

VM Mutex/Monitor currently owned by a thread:  ([mutex/lock_event])
[0x00000224f9fd66e0] Heap_lock - owner thread: 0x00000224f9fdbae0

Heap address: 0x0000000084c00000, size: 1972 MB, Compressed Oops mode: 32-bit

CDS archive(s) mapped at: [0x0000000000000000-0x0000000000000000-0x0000000000000000), size 0, SharedBaseAddress: 0x0000000800000000, ArchiveRelocationMode: 1.
Narrow klass base: 0x0000000000000000, Narrow klass shift: 0, Narrow klass range: 0x0

GC Precious Log:
<Empty>

Heap:
 garbage-first heap   total 0K, used 0K [0x0000000084c00000, 0x0000000100000000)
  region size 1024K, 0 young (0K), 0 survivors (0K)
 Metaspace       used 0K, committed 0K, reserved 0K
  class space    used 0K, committed 0K, reserved 0K

Heap Regions: E=young(eden), S=young(survivor), O=old, HS=humongous(starts), HC=humongous(continues), CS=collection set, F=free, OA=open archive, CA=closed archive, TAMS=top-at-mark-start (previous, next)

Card table byte_map: [0x00000224fd890000,0x00000224fdc70000] _byte_map_base: 0x00000224fd46a000

Marking Bits (Prev, Next): (CMBitMap*) 0x00000224fa034b60, (CMBitMap*) 0x00000224fa034ba0
 Prev Bits: [0x00000224fe050000, 0x00000224fff20000)
 Next Bits: [0x000002248f000000, 0x0000022490ed0000)

GC Heap History (0 events):
No events

Dll operation events (1 events):
Event: 0.012 Loaded shared library C:\Program Files\Android\Android Studio\jbr\bin\java.dll

Deoptimization events (0 events):
No events

Classes unloaded (0 events):
No events

Classes redefined (0 events):
No events

Internal exceptions (0 events):
No events

VM Operations (0 events):
No events

Events (0 events):
No events


Dynamic libraries:
0x00007ff6a3750000 - 0x00007ff6a375a000 	C:\Program Files\Android\Android Studio\jbr\bin\java.exe
0x00007ffec40b0000 - 0x00007ffec42c7000 	C:\WINDOWS\SYSTEM32\ntdll.dll
0x00007ffec2cd0000 - 0x00007ffec2d94000 	C:\WINDOWS\System32\KERNEL32.DLL
0x00007ffec1740000 - 0x00007ffec1aec000 	C:\WINDOWS\System32\KERNELBASE.dll
0x00007ffec1bb0000 - 0x00007ffec1cc1000 	C:\WINDOWS\System32\ucrtbase.dll
0x00007ffe8bff0000 - 0x00007ffe8c00b000 	C:\Program Files\Android\Android Studio\jbr\bin\VCRUNTIME140.dll
0x00007ffeacd10000 - 0x00007ffeacd27000 	C:\Program Files\Android\Android Studio\jbr\bin\jli.dll
0x00007ffec2910000 - 0x00007ffec2abe000 	C:\WINDOWS\System32\USER32.dll
0x00007ffeadfe0000 - 0x00007ffeae273000 	C:\WINDOWS\WinSxS\amd64_microsoft.windows.common-controls_6595b64144ccf1df_6.0.22621.3672_none_2713b9d173822955\COMCTL32.dll
0x00007ffec1e20000 - 0x00007ffec1ec7000 	C:\WINDOWS\System32\msvcrt.dll
0x00007ffec14f0000 - 0x00007ffec1516000 	C:\WINDOWS\System32\win32u.dll
0x00007ffec1df0000 - 0x00007ffec1e19000 	C:\WINDOWS\System32\GDI32.dll
0x00007ffec1cd0000 - 0x00007ffec1de9000 	C:\WINDOWS\System32\gdi32full.dll
0x00007ffec13e0000 - 0x00007ffec147a000 	C:\WINDOWS\System32\msvcp_win.dll
0x00007ffec2da0000 - 0x00007ffec2dd1000 	C:\WINDOWS\System32\IMM32.DLL
0x00007ffe99b70000 - 0x00007ffe99b7c000 	C:\Program Files\Android\Android Studio\jbr\bin\vcruntime140_1.dll
0x00007ffe81ec0000 - 0x00007ffe81f4d000 	C:\Program Files\Android\Android Studio\jbr\bin\msvcp140.dll
0x00007ffe334a0000 - 0x00007ffe34123000 	C:\Program Files\Android\Android Studio\jbr\bin\server\jvm.dll
0x00007ffec2c10000 - 0x00007ffec2cc2000 	C:\WINDOWS\System32\ADVAPI32.dll
0x00007ffec3fc0000 - 0x00007ffec406a000 	C:\WINDOWS\System32\sechost.dll
0x00007ffec1520000 - 0x00007ffec1548000 	C:\WINDOWS\System32\bcrypt.dll
0x00007ffec3dc0000 - 0x00007ffec3ed5000 	C:\WINDOWS\System32\RPCRT4.dll
0x00007ffebdf90000 - 0x00007ffebdf99000 	C:\WINDOWS\SYSTEM32\WSOCK32.dll
0x00007ffec2230000 - 0x00007ffec22a1000 	C:\WINDOWS\System32\WS2_32.dll
0x00007ffeb53c0000 - 0x00007ffeb53f4000 	C:\WINDOWS\SYSTEM32\WINMM.dll
0x00007ffeb6ba0000 - 0x00007ffeb6baa000 	C:\WINDOWS\SYSTEM32\VERSION.dll
0x00007ffec0ca0000 - 0x00007ffec0ced000 	C:\WINDOWS\SYSTEM32\POWRPROF.dll
0x00007ffec0c30000 - 0x00007ffec0c43000 	C:\WINDOWS\SYSTEM32\UMPDC.dll
0x00007ffec03e0000 - 0x00007ffec03f8000 	C:\WINDOWS\SYSTEM32\kernel.appcore.dll
0x00007ffebce70000 - 0x00007ffebce7a000 	C:\Program Files\Android\Android Studio\jbr\bin\jimage.dll
0x00007ffebebf0000 - 0x00007ffebee22000 	C:\WINDOWS\SYSTEM32\DBGHELP.DLL
0x00007ffec2580000 - 0x00007ffec2908000 	C:\WINDOWS\System32\combase.dll
0x00007ffec2de0000 - 0x00007ffec2eb7000 	C:\WINDOWS\System32\OLEAUT32.dll
0x00007ffe938e0000 - 0x00007ffe93912000 	C:\WINDOWS\SYSTEM32\dbgcore.DLL
0x00007ffec1550000 - 0x00007ffec15cb000 	C:\WINDOWS\System32\bcryptPrimitives.dll
0x00007ffeb6720000 - 0x00007ffeb6745000 	C:\Program Files\Android\Android Studio\jbr\bin\java.dll

dbghelp: loaded successfully - version: 4.0.5 - missing functions: none
symbol engine: initialized successfully - sym options: 0x614 - pdb path: .;C:\Program Files\Android\Android Studio\jbr\bin;C:\WINDOWS\SYSTEM32;C:\WINDOWS\WinSxS\amd64_microsoft.windows.common-controls_6595b64144ccf1df_6.0.22621.3672_none_2713b9d173822955;C:\Program Files\Android\Android Studio\jbr\bin\server

VM Arguments:
java_command: git4idea.http.GitAskPassApp Username for 'https://github.com': 
java_class_path (initial): C:/Program Files/Android/Android Studio/plugins/vcs-git/lib/git4idea-rt.jar;C:/Program Files/Android/Android Studio/lib/externalProcess-rt.jar
Launcher Type: SUN_STANDARD

[Global flags]
     intx CICompilerCount                          = 3                                         {product} {ergonomic}
     uint ConcGCThreads                            = 1                                         {product} {ergonomic}
     uint G1ConcRefinementThreads                  = 4                                         {product} {ergonomic}
   size_t G1HeapRegionSize                         = 1048576                                   {product} {ergonomic}
    uintx GCDrainStackTargetSize                   = 64                                        {product} {ergonomic}
   size_t InitialHeapSize                          = 130023424                                 {product} {ergonomic}
   size_t MarkStackSize                            = 4194304                                   {product} {ergonomic}
   size_t MaxHeapSize                              = 2067791872                                {product} {ergonomic}
   size_t MinHeapDeltaBytes                        = 1048576                                   {product} {ergonomic}
   size_t MinHeapSize                              = 8388608                                   {product} {ergonomic}
    uintx NonNMethodCodeHeapSize                   = 5832780                                {pd product} {ergonomic}
    uintx NonProfiledCodeHeapSize                  = 122912730                              {pd product} {ergonomic}
    uintx ProfiledCodeHeapSize                     = 122912730                              {pd product} {ergonomic}
    uintx ReservedCodeCacheSize                    = 251658240                              {pd product} {ergonomic}
     bool SegmentedCodeCache                       = true                                      {product} {ergonomic}
   size_t SoftMaxHeapSize                          = 2067791872                             {manageable} {ergonomic}
     bool UseCompressedClassPointers               = true                           {product lp64_product} {ergonomic}
     bool UseCompressedOops                        = true                           {product lp64_product} {ergonomic}
     bool UseG1GC                                  = true                                      {product} {ergonomic}
     bool UseLargePagesIndividualAllocation        = false                                  {pd product} {ergonomic}

Logging:
Log output configuration:
 #0: stdout all=warning uptime,level,tags
 #1: stderr all=off uptime,level,tags

Environment Variables:
JAVA_HOME=C:\Users\ASUS\.jdks\azul-17.0.10
PATH=C:/Program Files/Git/mingw64/libexec/git-core;C:/Program Files/Git/mingw64/libexec/git-core;C:\Program Files\Git\mingw64\bin;C:\Program Files\Git\usr\bin;C:\Users\ASUS\bin;C:\Program Files\Common Files\Oracle\Java\javapath;C:\WINDOWS\system32;C:\WINDOWS;C:\WINDOWS\System32\Wbem;C:\WINDOWS\System32\WindowsPowerShell\v1.0\;C:\WINDOWS\System32\OpenSSH\;C:\Program Files (x86)\dotnet\;C:\Program Files\dotnet\;C:\xampp\php;C:\Users\ASUS\.jdks\azul-17.0.10\bin;C:\composer;C:\Program Files\Git\cmd;C:\gradle\gradle-7.6.4\bin;C:\gradle\gradle-7.6.4\bin;C:\Users\ASUS\.jdks\azul-17.0.10\bin;C:\Users\ASUS\AppData\Local\Programs\Python\Python310\Scripts\;C:\Users\ASUS\AppData\Local\Programs\Python\Python310\;C:\Users\ASUS\AppData\Local\Programs\Python\Python39\Scripts\;C:\Users\ASUS\AppData\Local\Programs\Python\Python39\;C:\Users\ASUS\AppData\Local\Microsoft\WindowsApps;C:\Users\ASUS\AppData\Local\Programs\Microsoft VS Code\bin;C:\MinGW\bin;C:\Users\ASUS\AppData\Roaming\Composer\vendor\bin
USERNAME=ASUS
DISPLAY=:0.0
LC_ALL=en_US.UTF-8
TERM=xterm-256color
TMPDIR=C:\Users\ASUS\AppData\Local\Temp
OS=Windows_NT
PROCESSOR_IDENTIFIER=Intel64 Family 6 Model 140 Stepping 1, GenuineIntel
TMP=C:\Users\ASUS\AppData\Local\Temp
TEMP=C:\Users\ASUS\AppData\Local\Temp



Periodic native trim disabled

JNI global refs:
JNI global refs: 0, weak refs: 0

JNI global refs memory usage: 0, weak refs: 0

OOME stack traces (most recent first):
Classloader memory used:


---------------  S Y S T E M  ---------------

OS:
 Windows 11 , 64 bit Build 22621 (10.0.22621.3672)
OS uptime: 0 days 4:12 hours
Hyper-V role detected

CPU: total 4 (initial active 4) (2 cores per cpu, 2 threads per core) family 6 model 140 stepping 1 microcode 0x86, cx8, cmov, fxsr, ht, mmx, 3dnowpref, sse, sse2, sse3, ssse3, sse4.1, sse4.2, popcnt, lzcnt, tsc, tscinvbit, avx, avx2, aes, erms, clmul, bmi1, bmi2, adx, avx512f, avx512dq, avx512cd, avx512bw, avx512vl, sha, fma, vzeroupper, avx512_vpopcntdq, avx512_vpclmulqdq, avx512_vaes, avx512_vnni, clflush, clflushopt, clwb, avx512_vbmi2, avx512_vbmi, hv
Processor Information for processor 0
  Max Mhz: 2995, Current Mhz: 998, Mhz Limit: 2995
Processor Information for processor 1
  Max Mhz: 2995, Current Mhz: 2995, Mhz Limit: 2995
Processor Information for processor 2
  Max Mhz: 2995, Current Mhz: 2995, Mhz Limit: 2995
Processor Information for processor 3
  Max Mhz: 2995, Current Mhz: 2995, Mhz Limit: 2995

Memory: 4k page, system-wide physical 7886M (745M free)
TotalPageFile size 19065M (AvailPageFile size 57M)
current process WorkingSet (physical memory assigned to process): 11M, peak: 11M
current process commit charge ("private bytes"): 52M, peak: 176M

vm_info: OpenJDK 64-Bit Server VM (17.0.9+0--11185874) for windows-amd64 JRE (17.0.9+0--11185874), built on Dec  6 2023 18:57:44 by "androidbuild" with MS VC++ 16.10 / 16.11 (VS2019)

END.
